ARM GAS  /tmp/cc9iN8FC.s 			page 1


   1              		.cpu cortex-m3
   2              		.eabi_attribute 20, 1
   3              		.eabi_attribute 21, 1
   4              		.eabi_attribute 23, 3
   5              		.eabi_attribute 24, 1
   6              		.eabi_attribute 25, 1
   7              		.eabi_attribute 26, 1
   8              		.eabi_attribute 30, 1
   9              		.eabi_attribute 34, 1
  10              		.eabi_attribute 18, 4
  11              		.file	"delay.c"
  12              		.text
  13              	.Ltext0:
  14              		.cfi_sections	.debug_frame
  15              		.section	.text.delay_us,"ax",%progbits
  16              		.align	1
  17              		.global	delay_us
  18              		.arch armv7-m
  19              		.syntax unified
  20              		.thumb
  21              		.thumb_func
  22              		.fpu softvfp
  24              	delay_us:
  25              	.LVL0:
  26              	.LFB65:
  27              		.file 1 "Core/Src/delay.c"
   1:Core/Src/delay.c **** #include "stm32f1xx_hal.h"
   2:Core/Src/delay.c **** #include "delay.h"
   3:Core/Src/delay.c **** 
   4:Core/Src/delay.c **** extern TIM_HandleTypeDef htim1;
   5:Core/Src/delay.c **** 
   6:Core/Src/delay.c **** void delay_us (uint16_t us)
   7:Core/Src/delay.c **** {
  28              		.loc 1 7 1 view -0
  29              		.cfi_startproc
  30              		@ args = 0, pretend = 0, frame = 0
  31              		@ frame_needed = 0, uses_anonymous_args = 0
  32              		@ link register save eliminated.
   8:Core/Src/delay.c **** 	__HAL_TIM_SET_COUNTER(&htim1,0);  // set the counter value a 0
  33              		.loc 1 8 2 view .LVU1
  34 0000 034B     		ldr	r3, .L3
  35 0002 1A68     		ldr	r2, [r3]
  36 0004 0023     		movs	r3, #0
  37 0006 5362     		str	r3, [r2, #36]
   9:Core/Src/delay.c **** 	while (__HAL_TIM_GET_COUNTER(&htim1) < us);  // wait for the counter to reach the us input in the 
  38              		.loc 1 9 2 view .LVU2
  39              	.L2:
  40              		.loc 1 9 44 discriminator 1 view .LVU3
  41              		.loc 1 9 8 discriminator 1 view .LVU4
  42              		.loc 1 9 9 is_stmt 0 discriminator 1 view .LVU5
  43 0008 536A     		ldr	r3, [r2, #36]
  44              		.loc 1 9 8 discriminator 1 view .LVU6
  45 000a 8342     		cmp	r3, r0
  46 000c FCD3     		bcc	.L2
  10:Core/Src/delay.c **** }
  47              		.loc 1 10 1 view .LVU7
  48 000e 7047     		bx	lr
ARM GAS  /tmp/cc9iN8FC.s 			page 2


  49              	.L4:
  50              		.align	2
  51              	.L3:
  52 0010 00000000 		.word	htim1
  53              		.cfi_endproc
  54              	.LFE65:
  56              		.text
  57              	.Letext0:
  58              		.file 2 "/opt/gcc-arm-none-eabi-9-2020-q2-update/arm-none-eabi/include/machine/_default_types.h"
  59              		.file 3 "/opt/gcc-arm-none-eabi-9-2020-q2-update/arm-none-eabi/include/sys/_stdint.h"
  60              		.file 4 "Drivers/CMSIS/Include/core_cm3.h"
  61              		.file 5 "Drivers/CMSIS/Device/ST/STM32F1xx/Include/system_stm32f1xx.h"
  62              		.file 6 "Drivers/CMSIS/Device/ST/STM32F1xx/Include/stm32f103xb.h"
  63              		.file 7 "Drivers/STM32F1xx_HAL_Driver/Inc/stm32f1xx_hal_def.h"
  64              		.file 8 "Drivers/STM32F1xx_HAL_Driver/Inc/stm32f1xx_hal_dma.h"
  65              		.file 9 "Drivers/STM32F1xx_HAL_Driver/Inc/stm32f1xx_hal_tim.h"
  66              		.file 10 "Drivers/STM32F1xx_HAL_Driver/Inc/stm32f1xx_hal.h"
ARM GAS  /tmp/cc9iN8FC.s 			page 3


DEFINED SYMBOLS
                            *ABS*:0000000000000000 delay.c
     /tmp/cc9iN8FC.s:16     .text.delay_us:0000000000000000 $t
     /tmp/cc9iN8FC.s:24     .text.delay_us:0000000000000000 delay_us
     /tmp/cc9iN8FC.s:52     .text.delay_us:0000000000000010 $d

UNDEFINED SYMBOLS
htim1
