ARM GAS  /tmp/ccWLg2KK.s 			page 1


   1              		.cpu cortex-m3
   2              		.eabi_attribute 20, 1
   3              		.eabi_attribute 21, 1
   4              		.eabi_attribute 23, 3
   5              		.eabi_attribute 24, 1
   6              		.eabi_attribute 25, 1
   7              		.eabi_attribute 26, 1
   8              		.eabi_attribute 30, 1
   9              		.eabi_attribute 34, 1
  10              		.eabi_attribute 18, 4
  11              		.file	"usbd_desc.c"
  12              		.text
  13              	.Ltext0:
  14              		.cfi_sections	.debug_frame
  15              		.section	.text.USBD_FS_DeviceDescriptor,"ax",%progbits
  16              		.align	1
  17              		.global	USBD_FS_DeviceDescriptor
  18              		.arch armv7-m
  19              		.syntax unified
  20              		.thumb
  21              		.thumb_func
  22              		.fpu softvfp
  24              	USBD_FS_DeviceDescriptor:
  25              	.LVL0:
  26              	.LFB68:
  27              		.file 1 "USB_DEVICE/App/usbd_desc.c"
   1:USB_DEVICE/App/usbd_desc.c **** /* USER CODE BEGIN Header */
   2:USB_DEVICE/App/usbd_desc.c **** /**
   3:USB_DEVICE/App/usbd_desc.c ****   ******************************************************************************
   4:USB_DEVICE/App/usbd_desc.c ****   * @file           : App/usbd_desc.c
   5:USB_DEVICE/App/usbd_desc.c ****   * @version        : v2.0_Cube
   6:USB_DEVICE/App/usbd_desc.c ****   * @brief          : This file implements the USB device descriptors.
   7:USB_DEVICE/App/usbd_desc.c ****   ******************************************************************************
   8:USB_DEVICE/App/usbd_desc.c ****   * @attention
   9:USB_DEVICE/App/usbd_desc.c ****   *
  10:USB_DEVICE/App/usbd_desc.c ****   * Copyright (c) 2022 STMicroelectronics.
  11:USB_DEVICE/App/usbd_desc.c ****   * All rights reserved.
  12:USB_DEVICE/App/usbd_desc.c ****   *
  13:USB_DEVICE/App/usbd_desc.c ****   * This software is licensed under terms that can be found in the LICENSE file
  14:USB_DEVICE/App/usbd_desc.c ****   * in the root directory of this software component.
  15:USB_DEVICE/App/usbd_desc.c ****   * If no LICENSE file comes with this software, it is provided AS-IS.
  16:USB_DEVICE/App/usbd_desc.c ****   *
  17:USB_DEVICE/App/usbd_desc.c ****   ******************************************************************************
  18:USB_DEVICE/App/usbd_desc.c ****   */
  19:USB_DEVICE/App/usbd_desc.c **** /* USER CODE END Header */
  20:USB_DEVICE/App/usbd_desc.c **** 
  21:USB_DEVICE/App/usbd_desc.c **** /* Includes ------------------------------------------------------------------*/
  22:USB_DEVICE/App/usbd_desc.c **** #include "usbd_core.h"
  23:USB_DEVICE/App/usbd_desc.c **** #include "usbd_desc.h"
  24:USB_DEVICE/App/usbd_desc.c **** #include "usbd_conf.h"
  25:USB_DEVICE/App/usbd_desc.c **** 
  26:USB_DEVICE/App/usbd_desc.c **** /* USER CODE BEGIN INCLUDE */
  27:USB_DEVICE/App/usbd_desc.c **** 
  28:USB_DEVICE/App/usbd_desc.c **** /* USER CODE END INCLUDE */
  29:USB_DEVICE/App/usbd_desc.c **** 
  30:USB_DEVICE/App/usbd_desc.c **** /* Private typedef -----------------------------------------------------------*/
  31:USB_DEVICE/App/usbd_desc.c **** /* Private define ------------------------------------------------------------*/
ARM GAS  /tmp/ccWLg2KK.s 			page 2


  32:USB_DEVICE/App/usbd_desc.c **** /* Private macro -------------------------------------------------------------*/
  33:USB_DEVICE/App/usbd_desc.c **** 
  34:USB_DEVICE/App/usbd_desc.c **** /* USER CODE BEGIN PV */
  35:USB_DEVICE/App/usbd_desc.c **** /* Private variables ---------------------------------------------------------*/
  36:USB_DEVICE/App/usbd_desc.c **** 
  37:USB_DEVICE/App/usbd_desc.c **** /* USER CODE END PV */
  38:USB_DEVICE/App/usbd_desc.c **** 
  39:USB_DEVICE/App/usbd_desc.c **** /** @addtogroup STM32_USB_OTG_DEVICE_LIBRARY
  40:USB_DEVICE/App/usbd_desc.c ****   * @{
  41:USB_DEVICE/App/usbd_desc.c ****   */
  42:USB_DEVICE/App/usbd_desc.c **** 
  43:USB_DEVICE/App/usbd_desc.c **** /** @addtogroup USBD_DESC
  44:USB_DEVICE/App/usbd_desc.c ****   * @{
  45:USB_DEVICE/App/usbd_desc.c ****   */
  46:USB_DEVICE/App/usbd_desc.c **** 
  47:USB_DEVICE/App/usbd_desc.c **** /** @defgroup USBD_DESC_Private_TypesDefinitions USBD_DESC_Private_TypesDefinitions
  48:USB_DEVICE/App/usbd_desc.c ****   * @brief Private types.
  49:USB_DEVICE/App/usbd_desc.c ****   * @{
  50:USB_DEVICE/App/usbd_desc.c ****   */
  51:USB_DEVICE/App/usbd_desc.c **** 
  52:USB_DEVICE/App/usbd_desc.c **** /* USER CODE BEGIN PRIVATE_TYPES */
  53:USB_DEVICE/App/usbd_desc.c **** 
  54:USB_DEVICE/App/usbd_desc.c **** /* USER CODE END PRIVATE_TYPES */
  55:USB_DEVICE/App/usbd_desc.c **** 
  56:USB_DEVICE/App/usbd_desc.c **** /**
  57:USB_DEVICE/App/usbd_desc.c ****   * @}
  58:USB_DEVICE/App/usbd_desc.c ****   */
  59:USB_DEVICE/App/usbd_desc.c **** 
  60:USB_DEVICE/App/usbd_desc.c **** /** @defgroup USBD_DESC_Private_Defines USBD_DESC_Private_Defines
  61:USB_DEVICE/App/usbd_desc.c ****   * @brief Private defines.
  62:USB_DEVICE/App/usbd_desc.c ****   * @{
  63:USB_DEVICE/App/usbd_desc.c ****   */
  64:USB_DEVICE/App/usbd_desc.c **** 
  65:USB_DEVICE/App/usbd_desc.c **** #define USBD_VID     1155
  66:USB_DEVICE/App/usbd_desc.c **** #define USBD_LANGID_STRING     1033
  67:USB_DEVICE/App/usbd_desc.c **** #define USBD_MANUFACTURER_STRING     "STMicroelectronics"
  68:USB_DEVICE/App/usbd_desc.c **** #define USBD_PID_FS     22336
  69:USB_DEVICE/App/usbd_desc.c **** #define USBD_PRODUCT_STRING_FS     "STM32 Virtual ComPort"
  70:USB_DEVICE/App/usbd_desc.c **** #define USBD_CONFIGURATION_STRING_FS     "CDC Config"
  71:USB_DEVICE/App/usbd_desc.c **** #define USBD_INTERFACE_STRING_FS     "CDC Interface"
  72:USB_DEVICE/App/usbd_desc.c **** 
  73:USB_DEVICE/App/usbd_desc.c **** /* USER CODE BEGIN PRIVATE_DEFINES */
  74:USB_DEVICE/App/usbd_desc.c **** 
  75:USB_DEVICE/App/usbd_desc.c **** /* USER CODE END PRIVATE_DEFINES */
  76:USB_DEVICE/App/usbd_desc.c **** 
  77:USB_DEVICE/App/usbd_desc.c **** /**
  78:USB_DEVICE/App/usbd_desc.c ****   * @}
  79:USB_DEVICE/App/usbd_desc.c ****   */
  80:USB_DEVICE/App/usbd_desc.c **** 
  81:USB_DEVICE/App/usbd_desc.c **** /* USER CODE BEGIN 0 */
  82:USB_DEVICE/App/usbd_desc.c **** 
  83:USB_DEVICE/App/usbd_desc.c **** /* USER CODE END 0 */
  84:USB_DEVICE/App/usbd_desc.c **** 
  85:USB_DEVICE/App/usbd_desc.c **** /** @defgroup USBD_DESC_Private_Macros USBD_DESC_Private_Macros
  86:USB_DEVICE/App/usbd_desc.c ****   * @brief Private macros.
  87:USB_DEVICE/App/usbd_desc.c ****   * @{
  88:USB_DEVICE/App/usbd_desc.c ****   */
ARM GAS  /tmp/ccWLg2KK.s 			page 3


  89:USB_DEVICE/App/usbd_desc.c **** 
  90:USB_DEVICE/App/usbd_desc.c **** /* USER CODE BEGIN PRIVATE_MACRO */
  91:USB_DEVICE/App/usbd_desc.c **** 
  92:USB_DEVICE/App/usbd_desc.c **** /* USER CODE END PRIVATE_MACRO */
  93:USB_DEVICE/App/usbd_desc.c **** 
  94:USB_DEVICE/App/usbd_desc.c **** /**
  95:USB_DEVICE/App/usbd_desc.c ****   * @}
  96:USB_DEVICE/App/usbd_desc.c ****   */
  97:USB_DEVICE/App/usbd_desc.c **** 
  98:USB_DEVICE/App/usbd_desc.c **** /** @defgroup USBD_DESC_Private_FunctionPrototypes USBD_DESC_Private_FunctionPrototypes
  99:USB_DEVICE/App/usbd_desc.c ****   * @brief Private functions declaration.
 100:USB_DEVICE/App/usbd_desc.c ****   * @{
 101:USB_DEVICE/App/usbd_desc.c ****   */
 102:USB_DEVICE/App/usbd_desc.c **** 
 103:USB_DEVICE/App/usbd_desc.c **** static void Get_SerialNum(void);
 104:USB_DEVICE/App/usbd_desc.c **** static void IntToUnicode(uint32_t value, uint8_t * pbuf, uint8_t len);
 105:USB_DEVICE/App/usbd_desc.c **** 
 106:USB_DEVICE/App/usbd_desc.c **** /**
 107:USB_DEVICE/App/usbd_desc.c ****   * @}
 108:USB_DEVICE/App/usbd_desc.c ****   */
 109:USB_DEVICE/App/usbd_desc.c **** 
 110:USB_DEVICE/App/usbd_desc.c **** /** @defgroup USBD_DESC_Private_FunctionPrototypes USBD_DESC_Private_FunctionPrototypes
 111:USB_DEVICE/App/usbd_desc.c ****   * @brief Private functions declaration for FS.
 112:USB_DEVICE/App/usbd_desc.c ****   * @{
 113:USB_DEVICE/App/usbd_desc.c ****   */
 114:USB_DEVICE/App/usbd_desc.c **** 
 115:USB_DEVICE/App/usbd_desc.c **** uint8_t * USBD_FS_DeviceDescriptor(USBD_SpeedTypeDef speed, uint16_t *length);
 116:USB_DEVICE/App/usbd_desc.c **** uint8_t * USBD_FS_LangIDStrDescriptor(USBD_SpeedTypeDef speed, uint16_t *length);
 117:USB_DEVICE/App/usbd_desc.c **** uint8_t * USBD_FS_ManufacturerStrDescriptor(USBD_SpeedTypeDef speed, uint16_t *length);
 118:USB_DEVICE/App/usbd_desc.c **** uint8_t * USBD_FS_ProductStrDescriptor(USBD_SpeedTypeDef speed, uint16_t *length);
 119:USB_DEVICE/App/usbd_desc.c **** uint8_t * USBD_FS_SerialStrDescriptor(USBD_SpeedTypeDef speed, uint16_t *length);
 120:USB_DEVICE/App/usbd_desc.c **** uint8_t * USBD_FS_ConfigStrDescriptor(USBD_SpeedTypeDef speed, uint16_t *length);
 121:USB_DEVICE/App/usbd_desc.c **** uint8_t * USBD_FS_InterfaceStrDescriptor(USBD_SpeedTypeDef speed, uint16_t *length);
 122:USB_DEVICE/App/usbd_desc.c **** 
 123:USB_DEVICE/App/usbd_desc.c **** /**
 124:USB_DEVICE/App/usbd_desc.c ****   * @}
 125:USB_DEVICE/App/usbd_desc.c ****   */
 126:USB_DEVICE/App/usbd_desc.c **** 
 127:USB_DEVICE/App/usbd_desc.c **** /** @defgroup USBD_DESC_Private_Variables USBD_DESC_Private_Variables
 128:USB_DEVICE/App/usbd_desc.c ****   * @brief Private variables.
 129:USB_DEVICE/App/usbd_desc.c ****   * @{
 130:USB_DEVICE/App/usbd_desc.c ****   */
 131:USB_DEVICE/App/usbd_desc.c **** 
 132:USB_DEVICE/App/usbd_desc.c **** USBD_DescriptorsTypeDef FS_Desc =
 133:USB_DEVICE/App/usbd_desc.c **** {
 134:USB_DEVICE/App/usbd_desc.c ****   USBD_FS_DeviceDescriptor
 135:USB_DEVICE/App/usbd_desc.c **** , USBD_FS_LangIDStrDescriptor
 136:USB_DEVICE/App/usbd_desc.c **** , USBD_FS_ManufacturerStrDescriptor
 137:USB_DEVICE/App/usbd_desc.c **** , USBD_FS_ProductStrDescriptor
 138:USB_DEVICE/App/usbd_desc.c **** , USBD_FS_SerialStrDescriptor
 139:USB_DEVICE/App/usbd_desc.c **** , USBD_FS_ConfigStrDescriptor
 140:USB_DEVICE/App/usbd_desc.c **** , USBD_FS_InterfaceStrDescriptor
 141:USB_DEVICE/App/usbd_desc.c **** };
 142:USB_DEVICE/App/usbd_desc.c **** 
 143:USB_DEVICE/App/usbd_desc.c **** #if defined ( __ICCARM__ ) /* IAR Compiler */
 144:USB_DEVICE/App/usbd_desc.c ****   #pragma data_alignment=4
 145:USB_DEVICE/App/usbd_desc.c **** #endif /* defined ( __ICCARM__ ) */
ARM GAS  /tmp/ccWLg2KK.s 			page 4


 146:USB_DEVICE/App/usbd_desc.c **** /** USB standard device descriptor. */
 147:USB_DEVICE/App/usbd_desc.c **** __ALIGN_BEGIN uint8_t USBD_FS_DeviceDesc[USB_LEN_DEV_DESC] __ALIGN_END =
 148:USB_DEVICE/App/usbd_desc.c **** {
 149:USB_DEVICE/App/usbd_desc.c ****   0x12,                       /*bLength */
 150:USB_DEVICE/App/usbd_desc.c ****   USB_DESC_TYPE_DEVICE,       /*bDescriptorType*/
 151:USB_DEVICE/App/usbd_desc.c ****   0x00,                       /*bcdUSB */
 152:USB_DEVICE/App/usbd_desc.c ****   0x02,
 153:USB_DEVICE/App/usbd_desc.c ****   0x02,                       /*bDeviceClass*/
 154:USB_DEVICE/App/usbd_desc.c ****   0x02,                       /*bDeviceSubClass*/
 155:USB_DEVICE/App/usbd_desc.c ****   0x00,                       /*bDeviceProtocol*/
 156:USB_DEVICE/App/usbd_desc.c ****   USB_MAX_EP0_SIZE,           /*bMaxPacketSize*/
 157:USB_DEVICE/App/usbd_desc.c ****   LOBYTE(USBD_VID),           /*idVendor*/
 158:USB_DEVICE/App/usbd_desc.c ****   HIBYTE(USBD_VID),           /*idVendor*/
 159:USB_DEVICE/App/usbd_desc.c ****   LOBYTE(USBD_PID_FS),        /*idProduct*/
 160:USB_DEVICE/App/usbd_desc.c ****   HIBYTE(USBD_PID_FS),        /*idProduct*/
 161:USB_DEVICE/App/usbd_desc.c ****   0x00,                       /*bcdDevice rel. 2.00*/
 162:USB_DEVICE/App/usbd_desc.c ****   0x02,
 163:USB_DEVICE/App/usbd_desc.c ****   USBD_IDX_MFC_STR,           /*Index of manufacturer  string*/
 164:USB_DEVICE/App/usbd_desc.c ****   USBD_IDX_PRODUCT_STR,       /*Index of product string*/
 165:USB_DEVICE/App/usbd_desc.c ****   USBD_IDX_SERIAL_STR,        /*Index of serial number string*/
 166:USB_DEVICE/App/usbd_desc.c ****   USBD_MAX_NUM_CONFIGURATION  /*bNumConfigurations*/
 167:USB_DEVICE/App/usbd_desc.c **** };
 168:USB_DEVICE/App/usbd_desc.c **** 
 169:USB_DEVICE/App/usbd_desc.c **** /* USB_DeviceDescriptor */
 170:USB_DEVICE/App/usbd_desc.c **** 
 171:USB_DEVICE/App/usbd_desc.c **** /**
 172:USB_DEVICE/App/usbd_desc.c ****   * @}
 173:USB_DEVICE/App/usbd_desc.c ****   */
 174:USB_DEVICE/App/usbd_desc.c **** 
 175:USB_DEVICE/App/usbd_desc.c **** /** @defgroup USBD_DESC_Private_Variables USBD_DESC_Private_Variables
 176:USB_DEVICE/App/usbd_desc.c ****   * @brief Private variables.
 177:USB_DEVICE/App/usbd_desc.c ****   * @{
 178:USB_DEVICE/App/usbd_desc.c ****   */
 179:USB_DEVICE/App/usbd_desc.c **** 
 180:USB_DEVICE/App/usbd_desc.c **** #if defined ( __ICCARM__ ) /* IAR Compiler */
 181:USB_DEVICE/App/usbd_desc.c ****   #pragma data_alignment=4
 182:USB_DEVICE/App/usbd_desc.c **** #endif /* defined ( __ICCARM__ ) */
 183:USB_DEVICE/App/usbd_desc.c **** 
 184:USB_DEVICE/App/usbd_desc.c **** /** USB lang identifier descriptor. */
 185:USB_DEVICE/App/usbd_desc.c **** __ALIGN_BEGIN uint8_t USBD_LangIDDesc[USB_LEN_LANGID_STR_DESC] __ALIGN_END =
 186:USB_DEVICE/App/usbd_desc.c **** {
 187:USB_DEVICE/App/usbd_desc.c ****      USB_LEN_LANGID_STR_DESC,
 188:USB_DEVICE/App/usbd_desc.c ****      USB_DESC_TYPE_STRING,
 189:USB_DEVICE/App/usbd_desc.c ****      LOBYTE(USBD_LANGID_STRING),
 190:USB_DEVICE/App/usbd_desc.c ****      HIBYTE(USBD_LANGID_STRING)
 191:USB_DEVICE/App/usbd_desc.c **** };
 192:USB_DEVICE/App/usbd_desc.c **** 
 193:USB_DEVICE/App/usbd_desc.c **** #if defined ( __ICCARM__ ) /* IAR Compiler */
 194:USB_DEVICE/App/usbd_desc.c ****   #pragma data_alignment=4
 195:USB_DEVICE/App/usbd_desc.c **** #endif /* defined ( __ICCARM__ ) */
 196:USB_DEVICE/App/usbd_desc.c **** /* Internal string descriptor. */
 197:USB_DEVICE/App/usbd_desc.c **** __ALIGN_BEGIN uint8_t USBD_StrDesc[USBD_MAX_STR_DESC_SIZ] __ALIGN_END;
 198:USB_DEVICE/App/usbd_desc.c **** 
 199:USB_DEVICE/App/usbd_desc.c **** #if defined ( __ICCARM__ ) /*!< IAR Compiler */
 200:USB_DEVICE/App/usbd_desc.c ****   #pragma data_alignment=4
 201:USB_DEVICE/App/usbd_desc.c **** #endif
 202:USB_DEVICE/App/usbd_desc.c **** __ALIGN_BEGIN uint8_t USBD_StringSerial[USB_SIZ_STRING_SERIAL] __ALIGN_END = {
ARM GAS  /tmp/ccWLg2KK.s 			page 5


 203:USB_DEVICE/App/usbd_desc.c ****   USB_SIZ_STRING_SERIAL,
 204:USB_DEVICE/App/usbd_desc.c ****   USB_DESC_TYPE_STRING,
 205:USB_DEVICE/App/usbd_desc.c **** };
 206:USB_DEVICE/App/usbd_desc.c **** 
 207:USB_DEVICE/App/usbd_desc.c **** /**
 208:USB_DEVICE/App/usbd_desc.c ****   * @}
 209:USB_DEVICE/App/usbd_desc.c ****   */
 210:USB_DEVICE/App/usbd_desc.c **** 
 211:USB_DEVICE/App/usbd_desc.c **** /** @defgroup USBD_DESC_Private_Functions USBD_DESC_Private_Functions
 212:USB_DEVICE/App/usbd_desc.c ****   * @brief Private functions.
 213:USB_DEVICE/App/usbd_desc.c ****   * @{
 214:USB_DEVICE/App/usbd_desc.c ****   */
 215:USB_DEVICE/App/usbd_desc.c **** 
 216:USB_DEVICE/App/usbd_desc.c **** /**
 217:USB_DEVICE/App/usbd_desc.c ****   * @brief  Return the device descriptor
 218:USB_DEVICE/App/usbd_desc.c ****   * @param  speed : Current device speed
 219:USB_DEVICE/App/usbd_desc.c ****   * @param  length : Pointer to data length variable
 220:USB_DEVICE/App/usbd_desc.c ****   * @retval Pointer to descriptor buffer
 221:USB_DEVICE/App/usbd_desc.c ****   */
 222:USB_DEVICE/App/usbd_desc.c **** uint8_t * USBD_FS_DeviceDescriptor(USBD_SpeedTypeDef speed, uint16_t *length)
 223:USB_DEVICE/App/usbd_desc.c **** {
  28              		.loc 1 223 1 view -0
  29              		.cfi_startproc
  30              		@ args = 0, pretend = 0, frame = 0
  31              		@ frame_needed = 0, uses_anonymous_args = 0
  32              		@ link register save eliminated.
 224:USB_DEVICE/App/usbd_desc.c ****   UNUSED(speed);
  33              		.loc 1 224 3 view .LVU1
 225:USB_DEVICE/App/usbd_desc.c ****   *length = sizeof(USBD_FS_DeviceDesc);
  34              		.loc 1 225 3 view .LVU2
  35              		.loc 1 225 11 is_stmt 0 view .LVU3
  36 0000 1223     		movs	r3, #18
  37 0002 0B80     		strh	r3, [r1]	@ movhi
 226:USB_DEVICE/App/usbd_desc.c ****   return USBD_FS_DeviceDesc;
  38              		.loc 1 226 3 is_stmt 1 view .LVU4
 227:USB_DEVICE/App/usbd_desc.c **** }
  39              		.loc 1 227 1 is_stmt 0 view .LVU5
  40 0004 0048     		ldr	r0, .L2
  41              	.LVL1:
  42              		.loc 1 227 1 view .LVU6
  43 0006 7047     		bx	lr
  44              	.L3:
  45              		.align	2
  46              	.L2:
  47 0008 00000000 		.word	.LANCHOR0
  48              		.cfi_endproc
  49              	.LFE68:
  51              		.section	.text.USBD_FS_LangIDStrDescriptor,"ax",%progbits
  52              		.align	1
  53              		.global	USBD_FS_LangIDStrDescriptor
  54              		.syntax unified
  55              		.thumb
  56              		.thumb_func
  57              		.fpu softvfp
  59              	USBD_FS_LangIDStrDescriptor:
  60              	.LVL2:
  61              	.LFB69:
ARM GAS  /tmp/ccWLg2KK.s 			page 6


 228:USB_DEVICE/App/usbd_desc.c **** 
 229:USB_DEVICE/App/usbd_desc.c **** /**
 230:USB_DEVICE/App/usbd_desc.c ****   * @brief  Return the LangID string descriptor
 231:USB_DEVICE/App/usbd_desc.c ****   * @param  speed : Current device speed
 232:USB_DEVICE/App/usbd_desc.c ****   * @param  length : Pointer to data length variable
 233:USB_DEVICE/App/usbd_desc.c ****   * @retval Pointer to descriptor buffer
 234:USB_DEVICE/App/usbd_desc.c ****   */
 235:USB_DEVICE/App/usbd_desc.c **** uint8_t * USBD_FS_LangIDStrDescriptor(USBD_SpeedTypeDef speed, uint16_t *length)
 236:USB_DEVICE/App/usbd_desc.c **** {
  62              		.loc 1 236 1 is_stmt 1 view -0
  63              		.cfi_startproc
  64              		@ args = 0, pretend = 0, frame = 0
  65              		@ frame_needed = 0, uses_anonymous_args = 0
  66              		@ link register save eliminated.
 237:USB_DEVICE/App/usbd_desc.c ****   UNUSED(speed);
  67              		.loc 1 237 3 view .LVU8
 238:USB_DEVICE/App/usbd_desc.c ****   *length = sizeof(USBD_LangIDDesc);
  68              		.loc 1 238 3 view .LVU9
  69              		.loc 1 238 11 is_stmt 0 view .LVU10
  70 0000 0423     		movs	r3, #4
  71 0002 0B80     		strh	r3, [r1]	@ movhi
 239:USB_DEVICE/App/usbd_desc.c ****   return USBD_LangIDDesc;
  72              		.loc 1 239 3 is_stmt 1 view .LVU11
 240:USB_DEVICE/App/usbd_desc.c **** }
  73              		.loc 1 240 1 is_stmt 0 view .LVU12
  74 0004 0048     		ldr	r0, .L5
  75              	.LVL3:
  76              		.loc 1 240 1 view .LVU13
  77 0006 7047     		bx	lr
  78              	.L6:
  79              		.align	2
  80              	.L5:
  81 0008 00000000 		.word	.LANCHOR1
  82              		.cfi_endproc
  83              	.LFE69:
  85              		.section	.text.IntToUnicode,"ax",%progbits
  86              		.align	1
  87              		.syntax unified
  88              		.thumb
  89              		.thumb_func
  90              		.fpu softvfp
  92              	IntToUnicode:
  93              	.LVL4:
  94              	.LFB76:
 241:USB_DEVICE/App/usbd_desc.c **** 
 242:USB_DEVICE/App/usbd_desc.c **** /**
 243:USB_DEVICE/App/usbd_desc.c ****   * @brief  Return the product string descriptor
 244:USB_DEVICE/App/usbd_desc.c ****   * @param  speed : Current device speed
 245:USB_DEVICE/App/usbd_desc.c ****   * @param  length : Pointer to data length variable
 246:USB_DEVICE/App/usbd_desc.c ****   * @retval Pointer to descriptor buffer
 247:USB_DEVICE/App/usbd_desc.c ****   */
 248:USB_DEVICE/App/usbd_desc.c **** uint8_t * USBD_FS_ProductStrDescriptor(USBD_SpeedTypeDef speed, uint16_t *length)
 249:USB_DEVICE/App/usbd_desc.c **** {
 250:USB_DEVICE/App/usbd_desc.c ****   if(speed == 0)
 251:USB_DEVICE/App/usbd_desc.c ****   {
 252:USB_DEVICE/App/usbd_desc.c ****     USBD_GetString((uint8_t *)USBD_PRODUCT_STRING_FS, USBD_StrDesc, length);
 253:USB_DEVICE/App/usbd_desc.c ****   }
ARM GAS  /tmp/ccWLg2KK.s 			page 7


 254:USB_DEVICE/App/usbd_desc.c ****   else
 255:USB_DEVICE/App/usbd_desc.c ****   {
 256:USB_DEVICE/App/usbd_desc.c ****     USBD_GetString((uint8_t *)USBD_PRODUCT_STRING_FS, USBD_StrDesc, length);
 257:USB_DEVICE/App/usbd_desc.c ****   }
 258:USB_DEVICE/App/usbd_desc.c ****   return USBD_StrDesc;
 259:USB_DEVICE/App/usbd_desc.c **** }
 260:USB_DEVICE/App/usbd_desc.c **** 
 261:USB_DEVICE/App/usbd_desc.c **** /**
 262:USB_DEVICE/App/usbd_desc.c ****   * @brief  Return the manufacturer string descriptor
 263:USB_DEVICE/App/usbd_desc.c ****   * @param  speed : Current device speed
 264:USB_DEVICE/App/usbd_desc.c ****   * @param  length : Pointer to data length variable
 265:USB_DEVICE/App/usbd_desc.c ****   * @retval Pointer to descriptor buffer
 266:USB_DEVICE/App/usbd_desc.c ****   */
 267:USB_DEVICE/App/usbd_desc.c **** uint8_t * USBD_FS_ManufacturerStrDescriptor(USBD_SpeedTypeDef speed, uint16_t *length)
 268:USB_DEVICE/App/usbd_desc.c **** {
 269:USB_DEVICE/App/usbd_desc.c ****   UNUSED(speed);
 270:USB_DEVICE/App/usbd_desc.c ****   USBD_GetString((uint8_t *)USBD_MANUFACTURER_STRING, USBD_StrDesc, length);
 271:USB_DEVICE/App/usbd_desc.c ****   return USBD_StrDesc;
 272:USB_DEVICE/App/usbd_desc.c **** }
 273:USB_DEVICE/App/usbd_desc.c **** 
 274:USB_DEVICE/App/usbd_desc.c **** /**
 275:USB_DEVICE/App/usbd_desc.c ****   * @brief  Return the serial number string descriptor
 276:USB_DEVICE/App/usbd_desc.c ****   * @param  speed : Current device speed
 277:USB_DEVICE/App/usbd_desc.c ****   * @param  length : Pointer to data length variable
 278:USB_DEVICE/App/usbd_desc.c ****   * @retval Pointer to descriptor buffer
 279:USB_DEVICE/App/usbd_desc.c ****   */
 280:USB_DEVICE/App/usbd_desc.c **** uint8_t * USBD_FS_SerialStrDescriptor(USBD_SpeedTypeDef speed, uint16_t *length)
 281:USB_DEVICE/App/usbd_desc.c **** {
 282:USB_DEVICE/App/usbd_desc.c ****   UNUSED(speed);
 283:USB_DEVICE/App/usbd_desc.c ****   *length = USB_SIZ_STRING_SERIAL;
 284:USB_DEVICE/App/usbd_desc.c **** 
 285:USB_DEVICE/App/usbd_desc.c ****   /* Update the serial number string descriptor with the data from the unique
 286:USB_DEVICE/App/usbd_desc.c ****    * ID */
 287:USB_DEVICE/App/usbd_desc.c ****   Get_SerialNum();
 288:USB_DEVICE/App/usbd_desc.c ****   /* USER CODE BEGIN USBD_FS_SerialStrDescriptor */
 289:USB_DEVICE/App/usbd_desc.c **** 
 290:USB_DEVICE/App/usbd_desc.c ****   /* USER CODE END USBD_FS_SerialStrDescriptor */
 291:USB_DEVICE/App/usbd_desc.c ****   return (uint8_t *) USBD_StringSerial;
 292:USB_DEVICE/App/usbd_desc.c **** }
 293:USB_DEVICE/App/usbd_desc.c **** 
 294:USB_DEVICE/App/usbd_desc.c **** /**
 295:USB_DEVICE/App/usbd_desc.c ****   * @brief  Return the configuration string descriptor
 296:USB_DEVICE/App/usbd_desc.c ****   * @param  speed : Current device speed
 297:USB_DEVICE/App/usbd_desc.c ****   * @param  length : Pointer to data length variable
 298:USB_DEVICE/App/usbd_desc.c ****   * @retval Pointer to descriptor buffer
 299:USB_DEVICE/App/usbd_desc.c ****   */
 300:USB_DEVICE/App/usbd_desc.c **** uint8_t * USBD_FS_ConfigStrDescriptor(USBD_SpeedTypeDef speed, uint16_t *length)
 301:USB_DEVICE/App/usbd_desc.c **** {
 302:USB_DEVICE/App/usbd_desc.c ****   if(speed == USBD_SPEED_HIGH)
 303:USB_DEVICE/App/usbd_desc.c ****   {
 304:USB_DEVICE/App/usbd_desc.c ****     USBD_GetString((uint8_t *)USBD_CONFIGURATION_STRING_FS, USBD_StrDesc, length);
 305:USB_DEVICE/App/usbd_desc.c ****   }
 306:USB_DEVICE/App/usbd_desc.c ****   else
 307:USB_DEVICE/App/usbd_desc.c ****   {
 308:USB_DEVICE/App/usbd_desc.c ****     USBD_GetString((uint8_t *)USBD_CONFIGURATION_STRING_FS, USBD_StrDesc, length);
 309:USB_DEVICE/App/usbd_desc.c ****   }
 310:USB_DEVICE/App/usbd_desc.c ****   return USBD_StrDesc;
ARM GAS  /tmp/ccWLg2KK.s 			page 8


 311:USB_DEVICE/App/usbd_desc.c **** }
 312:USB_DEVICE/App/usbd_desc.c **** 
 313:USB_DEVICE/App/usbd_desc.c **** /**
 314:USB_DEVICE/App/usbd_desc.c ****   * @brief  Return the interface string descriptor
 315:USB_DEVICE/App/usbd_desc.c ****   * @param  speed : Current device speed
 316:USB_DEVICE/App/usbd_desc.c ****   * @param  length : Pointer to data length variable
 317:USB_DEVICE/App/usbd_desc.c ****   * @retval Pointer to descriptor buffer
 318:USB_DEVICE/App/usbd_desc.c ****   */
 319:USB_DEVICE/App/usbd_desc.c **** uint8_t * USBD_FS_InterfaceStrDescriptor(USBD_SpeedTypeDef speed, uint16_t *length)
 320:USB_DEVICE/App/usbd_desc.c **** {
 321:USB_DEVICE/App/usbd_desc.c ****   if(speed == 0)
 322:USB_DEVICE/App/usbd_desc.c ****   {
 323:USB_DEVICE/App/usbd_desc.c ****     USBD_GetString((uint8_t *)USBD_INTERFACE_STRING_FS, USBD_StrDesc, length);
 324:USB_DEVICE/App/usbd_desc.c ****   }
 325:USB_DEVICE/App/usbd_desc.c ****   else
 326:USB_DEVICE/App/usbd_desc.c ****   {
 327:USB_DEVICE/App/usbd_desc.c ****     USBD_GetString((uint8_t *)USBD_INTERFACE_STRING_FS, USBD_StrDesc, length);
 328:USB_DEVICE/App/usbd_desc.c ****   }
 329:USB_DEVICE/App/usbd_desc.c ****   return USBD_StrDesc;
 330:USB_DEVICE/App/usbd_desc.c **** }
 331:USB_DEVICE/App/usbd_desc.c **** 
 332:USB_DEVICE/App/usbd_desc.c **** /**
 333:USB_DEVICE/App/usbd_desc.c ****   * @brief  Create the serial number string descriptor
 334:USB_DEVICE/App/usbd_desc.c ****   * @param  None
 335:USB_DEVICE/App/usbd_desc.c ****   * @retval None
 336:USB_DEVICE/App/usbd_desc.c ****   */
 337:USB_DEVICE/App/usbd_desc.c **** static void Get_SerialNum(void)
 338:USB_DEVICE/App/usbd_desc.c **** {
 339:USB_DEVICE/App/usbd_desc.c ****   uint32_t deviceserial0, deviceserial1, deviceserial2;
 340:USB_DEVICE/App/usbd_desc.c **** 
 341:USB_DEVICE/App/usbd_desc.c ****   deviceserial0 = *(uint32_t *) DEVICE_ID1;
 342:USB_DEVICE/App/usbd_desc.c ****   deviceserial1 = *(uint32_t *) DEVICE_ID2;
 343:USB_DEVICE/App/usbd_desc.c ****   deviceserial2 = *(uint32_t *) DEVICE_ID3;
 344:USB_DEVICE/App/usbd_desc.c **** 
 345:USB_DEVICE/App/usbd_desc.c ****   deviceserial0 += deviceserial2;
 346:USB_DEVICE/App/usbd_desc.c **** 
 347:USB_DEVICE/App/usbd_desc.c ****   if (deviceserial0 != 0)
 348:USB_DEVICE/App/usbd_desc.c ****   {
 349:USB_DEVICE/App/usbd_desc.c ****     IntToUnicode(deviceserial0, &USBD_StringSerial[2], 8);
 350:USB_DEVICE/App/usbd_desc.c ****     IntToUnicode(deviceserial1, &USBD_StringSerial[18], 4);
 351:USB_DEVICE/App/usbd_desc.c ****   }
 352:USB_DEVICE/App/usbd_desc.c **** }
 353:USB_DEVICE/App/usbd_desc.c **** 
 354:USB_DEVICE/App/usbd_desc.c **** /**
 355:USB_DEVICE/App/usbd_desc.c ****   * @brief  Convert Hex 32Bits value into char
 356:USB_DEVICE/App/usbd_desc.c ****   * @param  value: value to convert
 357:USB_DEVICE/App/usbd_desc.c ****   * @param  pbuf: pointer to the buffer
 358:USB_DEVICE/App/usbd_desc.c ****   * @param  len: buffer length
 359:USB_DEVICE/App/usbd_desc.c ****   * @retval None
 360:USB_DEVICE/App/usbd_desc.c ****   */
 361:USB_DEVICE/App/usbd_desc.c **** static void IntToUnicode(uint32_t value, uint8_t * pbuf, uint8_t len)
 362:USB_DEVICE/App/usbd_desc.c **** {
  95              		.loc 1 362 1 is_stmt 1 view -0
  96              		.cfi_startproc
  97              		@ args = 0, pretend = 0, frame = 0
  98              		@ frame_needed = 0, uses_anonymous_args = 0
  99              		@ link register save eliminated.
ARM GAS  /tmp/ccWLg2KK.s 			page 9


 363:USB_DEVICE/App/usbd_desc.c ****   uint8_t idx = 0;
 100              		.loc 1 363 3 view .LVU15
 364:USB_DEVICE/App/usbd_desc.c **** 
 365:USB_DEVICE/App/usbd_desc.c ****   for (idx = 0; idx < len; idx++)
 101              		.loc 1 365 3 view .LVU16
 102              		.loc 1 365 12 is_stmt 0 view .LVU17
 103 0000 0023     		movs	r3, #0
 104              	.LVL5:
 105              		.loc 1 365 17 is_stmt 1 view .LVU18
 106              		.loc 1 365 3 is_stmt 0 view .LVU19
 107 0002 9342     		cmp	r3, r2
 108 0004 17D2     		bcs	.L15
 362:USB_DEVICE/App/usbd_desc.c ****   uint8_t idx = 0;
 109              		.loc 1 362 1 view .LVU20
 110 0006 30B4     		push	{r4, r5}
 111              	.LCFI0:
 112              		.cfi_def_cfa_offset 8
 113              		.cfi_offset 4, -8
 114              		.cfi_offset 5, -4
 115 0008 0BE0     		b	.L11
 116              	.L9:
 366:USB_DEVICE/App/usbd_desc.c ****   {
 367:USB_DEVICE/App/usbd_desc.c ****     if (((value >> 28)) < 0xA)
 368:USB_DEVICE/App/usbd_desc.c ****     {
 369:USB_DEVICE/App/usbd_desc.c ****       pbuf[2 * idx] = (value >> 28) + '0';
 370:USB_DEVICE/App/usbd_desc.c ****     }
 371:USB_DEVICE/App/usbd_desc.c ****     else
 372:USB_DEVICE/App/usbd_desc.c ****     {
 373:USB_DEVICE/App/usbd_desc.c ****       pbuf[2 * idx] = (value >> 28) + 'A' - 10;
 117              		.loc 1 373 7 is_stmt 1 view .LVU21
 118              		.loc 1 373 43 is_stmt 0 view .LVU22
 119 000a 3734     		adds	r4, r4, #55
 120              		.loc 1 373 21 view .LVU23
 121 000c 01F81340 		strb	r4, [r1, r3, lsl #1]
 122              	.L10:
 374:USB_DEVICE/App/usbd_desc.c ****     }
 375:USB_DEVICE/App/usbd_desc.c **** 
 376:USB_DEVICE/App/usbd_desc.c ****     value = value << 4;
 123              		.loc 1 376 5 is_stmt 1 discriminator 2 view .LVU24
 124              		.loc 1 376 11 is_stmt 0 discriminator 2 view .LVU25
 125 0010 0001     		lsls	r0, r0, #4
 126              	.LVL6:
 377:USB_DEVICE/App/usbd_desc.c **** 
 378:USB_DEVICE/App/usbd_desc.c ****     pbuf[2 * idx + 1] = 0;
 127              		.loc 1 378 5 is_stmt 1 discriminator 2 view .LVU26
 128              		.loc 1 378 12 is_stmt 0 discriminator 2 view .LVU27
 129 0012 5C00     		lsls	r4, r3, #1
 130              		.loc 1 378 9 discriminator 2 view .LVU28
 131 0014 0134     		adds	r4, r4, #1
 132              		.loc 1 378 23 discriminator 2 view .LVU29
 133 0016 0025     		movs	r5, #0
 134 0018 0D55     		strb	r5, [r1, r4]
 365:USB_DEVICE/App/usbd_desc.c ****   {
 135              		.loc 1 365 28 is_stmt 1 discriminator 2 view .LVU30
 365:USB_DEVICE/App/usbd_desc.c ****   {
 136              		.loc 1 365 31 is_stmt 0 discriminator 2 view .LVU31
 137 001a 0133     		adds	r3, r3, #1
ARM GAS  /tmp/ccWLg2KK.s 			page 10


 138              	.LVL7:
 365:USB_DEVICE/App/usbd_desc.c ****   {
 139              		.loc 1 365 31 discriminator 2 view .LVU32
 140 001c DBB2     		uxtb	r3, r3
 141              	.LVL8:
 365:USB_DEVICE/App/usbd_desc.c ****   {
 142              		.loc 1 365 17 is_stmt 1 discriminator 2 view .LVU33
 365:USB_DEVICE/App/usbd_desc.c ****   {
 143              		.loc 1 365 3 is_stmt 0 discriminator 2 view .LVU34
 144 001e 9342     		cmp	r3, r2
 145 0020 07D2     		bcs	.L16
 146              	.L11:
 367:USB_DEVICE/App/usbd_desc.c ****     {
 147              		.loc 1 367 5 is_stmt 1 view .LVU35
 367:USB_DEVICE/App/usbd_desc.c ****     {
 148              		.loc 1 367 17 is_stmt 0 view .LVU36
 149 0022 040F     		lsrs	r4, r0, #28
 367:USB_DEVICE/App/usbd_desc.c ****     {
 150              		.loc 1 367 8 view .LVU37
 151 0024 B0F1204F 		cmp	r0, #-1610612736
 152 0028 EFD2     		bcs	.L9
 369:USB_DEVICE/App/usbd_desc.c ****     }
 153              		.loc 1 369 7 is_stmt 1 view .LVU38
 369:USB_DEVICE/App/usbd_desc.c ****     }
 154              		.loc 1 369 37 is_stmt 0 view .LVU39
 155 002a 3034     		adds	r4, r4, #48
 369:USB_DEVICE/App/usbd_desc.c ****     }
 156              		.loc 1 369 21 view .LVU40
 157 002c 01F81340 		strb	r4, [r1, r3, lsl #1]
 158 0030 EEE7     		b	.L10
 159              	.L16:
 379:USB_DEVICE/App/usbd_desc.c ****   }
 380:USB_DEVICE/App/usbd_desc.c **** }
 160              		.loc 1 380 1 view .LVU41
 161 0032 30BC     		pop	{r4, r5}
 162              	.LCFI1:
 163              		.cfi_restore 5
 164              		.cfi_restore 4
 165              		.cfi_def_cfa_offset 0
 166 0034 7047     		bx	lr
 167              	.L15:
 168              		.loc 1 380 1 view .LVU42
 169 0036 7047     		bx	lr
 170              		.cfi_endproc
 171              	.LFE76:
 173              		.section	.text.Get_SerialNum,"ax",%progbits
 174              		.align	1
 175              		.syntax unified
 176              		.thumb
 177              		.thumb_func
 178              		.fpu softvfp
 180              	Get_SerialNum:
 181              	.LFB75:
 338:USB_DEVICE/App/usbd_desc.c ****   uint32_t deviceserial0, deviceserial1, deviceserial2;
 182              		.loc 1 338 1 is_stmt 1 view -0
 183              		.cfi_startproc
 184              		@ args = 0, pretend = 0, frame = 0
ARM GAS  /tmp/ccWLg2KK.s 			page 11


 185              		@ frame_needed = 0, uses_anonymous_args = 0
 186 0000 38B5     		push	{r3, r4, r5, lr}
 187              	.LCFI2:
 188              		.cfi_def_cfa_offset 16
 189              		.cfi_offset 3, -16
 190              		.cfi_offset 4, -12
 191              		.cfi_offset 5, -8
 192              		.cfi_offset 14, -4
 339:USB_DEVICE/App/usbd_desc.c **** 
 193              		.loc 1 339 3 view .LVU44
 341:USB_DEVICE/App/usbd_desc.c ****   deviceserial1 = *(uint32_t *) DEVICE_ID2;
 194              		.loc 1 341 3 view .LVU45
 341:USB_DEVICE/App/usbd_desc.c ****   deviceserial1 = *(uint32_t *) DEVICE_ID2;
 195              		.loc 1 341 17 is_stmt 0 view .LVU46
 196 0002 0A4B     		ldr	r3, .L21
 197 0004 1868     		ldr	r0, [r3]
 198              	.LVL9:
 342:USB_DEVICE/App/usbd_desc.c ****   deviceserial2 = *(uint32_t *) DEVICE_ID3;
 199              		.loc 1 342 3 is_stmt 1 view .LVU47
 342:USB_DEVICE/App/usbd_desc.c ****   deviceserial2 = *(uint32_t *) DEVICE_ID3;
 200              		.loc 1 342 17 is_stmt 0 view .LVU48
 201 0006 0433     		adds	r3, r3, #4
 202 0008 1C68     		ldr	r4, [r3]
 203              	.LVL10:
 343:USB_DEVICE/App/usbd_desc.c **** 
 204              		.loc 1 343 3 is_stmt 1 view .LVU49
 343:USB_DEVICE/App/usbd_desc.c **** 
 205              		.loc 1 343 17 is_stmt 0 view .LVU50
 206 000a 0433     		adds	r3, r3, #4
 207 000c 1B68     		ldr	r3, [r3]
 208              	.LVL11:
 345:USB_DEVICE/App/usbd_desc.c **** 
 209              		.loc 1 345 3 is_stmt 1 view .LVU51
 347:USB_DEVICE/App/usbd_desc.c ****   {
 210              		.loc 1 347 3 view .LVU52
 347:USB_DEVICE/App/usbd_desc.c ****   {
 211              		.loc 1 347 6 is_stmt 0 view .LVU53
 212 000e C018     		adds	r0, r0, r3
 213              	.LVL12:
 347:USB_DEVICE/App/usbd_desc.c ****   {
 214              		.loc 1 347 6 view .LVU54
 215 0010 00D1     		bne	.L20
 216              	.LVL13:
 217              	.L17:
 352:USB_DEVICE/App/usbd_desc.c **** 
 218              		.loc 1 352 1 view .LVU55
 219 0012 38BD     		pop	{r3, r4, r5, pc}
 220              	.LVL14:
 221              	.L20:
 349:USB_DEVICE/App/usbd_desc.c ****     IntToUnicode(deviceserial1, &USBD_StringSerial[18], 4);
 222              		.loc 1 349 5 is_stmt 1 view .LVU56
 223 0014 064D     		ldr	r5, .L21+4
 224 0016 0822     		movs	r2, #8
 225 0018 A91C     		adds	r1, r5, #2
 226 001a FFF7FEFF 		bl	IntToUnicode
 227              	.LVL15:
 350:USB_DEVICE/App/usbd_desc.c ****   }
ARM GAS  /tmp/ccWLg2KK.s 			page 12


 228              		.loc 1 350 5 view .LVU57
 229 001e 0422     		movs	r2, #4
 230 0020 05F11201 		add	r1, r5, #18
 231 0024 2046     		mov	r0, r4
 232 0026 FFF7FEFF 		bl	IntToUnicode
 233              	.LVL16:
 352:USB_DEVICE/App/usbd_desc.c **** 
 234              		.loc 1 352 1 is_stmt 0 view .LVU58
 235 002a F2E7     		b	.L17
 236              	.L22:
 237              		.align	2
 238              	.L21:
 239 002c E8F7FF1F 		.word	536868840
 240 0030 00000000 		.word	.LANCHOR2
 241              		.cfi_endproc
 242              	.LFE75:
 244              		.section	.text.USBD_FS_SerialStrDescriptor,"ax",%progbits
 245              		.align	1
 246              		.global	USBD_FS_SerialStrDescriptor
 247              		.syntax unified
 248              		.thumb
 249              		.thumb_func
 250              		.fpu softvfp
 252              	USBD_FS_SerialStrDescriptor:
 253              	.LVL17:
 254              	.LFB72:
 281:USB_DEVICE/App/usbd_desc.c ****   UNUSED(speed);
 255              		.loc 1 281 1 is_stmt 1 view -0
 256              		.cfi_startproc
 257              		@ args = 0, pretend = 0, frame = 0
 258              		@ frame_needed = 0, uses_anonymous_args = 0
 281:USB_DEVICE/App/usbd_desc.c ****   UNUSED(speed);
 259              		.loc 1 281 1 is_stmt 0 view .LVU60
 260 0000 08B5     		push	{r3, lr}
 261              	.LCFI3:
 262              		.cfi_def_cfa_offset 8
 263              		.cfi_offset 3, -8
 264              		.cfi_offset 14, -4
 282:USB_DEVICE/App/usbd_desc.c ****   *length = USB_SIZ_STRING_SERIAL;
 265              		.loc 1 282 3 is_stmt 1 view .LVU61
 283:USB_DEVICE/App/usbd_desc.c **** 
 266              		.loc 1 283 3 view .LVU62
 283:USB_DEVICE/App/usbd_desc.c **** 
 267              		.loc 1 283 11 is_stmt 0 view .LVU63
 268 0002 1A23     		movs	r3, #26
 269 0004 0B80     		strh	r3, [r1]	@ movhi
 287:USB_DEVICE/App/usbd_desc.c ****   /* USER CODE BEGIN USBD_FS_SerialStrDescriptor */
 270              		.loc 1 287 3 is_stmt 1 view .LVU64
 271 0006 FFF7FEFF 		bl	Get_SerialNum
 272              	.LVL18:
 291:USB_DEVICE/App/usbd_desc.c **** }
 273              		.loc 1 291 3 view .LVU65
 292:USB_DEVICE/App/usbd_desc.c **** 
 274              		.loc 1 292 1 is_stmt 0 view .LVU66
 275 000a 0148     		ldr	r0, .L25
 276 000c 08BD     		pop	{r3, pc}
 277              	.L26:
ARM GAS  /tmp/ccWLg2KK.s 			page 13


 278 000e 00BF     		.align	2
 279              	.L25:
 280 0010 00000000 		.word	.LANCHOR2
 281              		.cfi_endproc
 282              	.LFE72:
 284              		.section	.rodata.USBD_FS_ProductStrDescriptor.str1.4,"aMS",%progbits,1
 285              		.align	2
 286              	.LC0:
 287 0000 53544D33 		.ascii	"STM32 Virtual ComPort\000"
 287      32205669 
 287      72747561 
 287      6C20436F 
 287      6D506F72 
 288              		.section	.text.USBD_FS_ProductStrDescriptor,"ax",%progbits
 289              		.align	1
 290              		.global	USBD_FS_ProductStrDescriptor
 291              		.syntax unified
 292              		.thumb
 293              		.thumb_func
 294              		.fpu softvfp
 296              	USBD_FS_ProductStrDescriptor:
 297              	.LVL19:
 298              	.LFB70:
 249:USB_DEVICE/App/usbd_desc.c ****   if(speed == 0)
 299              		.loc 1 249 1 is_stmt 1 view -0
 300              		.cfi_startproc
 301              		@ args = 0, pretend = 0, frame = 0
 302              		@ frame_needed = 0, uses_anonymous_args = 0
 249:USB_DEVICE/App/usbd_desc.c ****   if(speed == 0)
 303              		.loc 1 249 1 is_stmt 0 view .LVU68
 304 0000 08B5     		push	{r3, lr}
 305              	.LCFI4:
 306              		.cfi_def_cfa_offset 8
 307              		.cfi_offset 3, -8
 308              		.cfi_offset 14, -4
 309 0002 0A46     		mov	r2, r1
 250:USB_DEVICE/App/usbd_desc.c ****   {
 310              		.loc 1 250 3 is_stmt 1 view .LVU69
 250:USB_DEVICE/App/usbd_desc.c ****   {
 311              		.loc 1 250 5 is_stmt 0 view .LVU70
 312 0004 28B9     		cbnz	r0, .L28
 252:USB_DEVICE/App/usbd_desc.c ****   }
 313              		.loc 1 252 5 is_stmt 1 view .LVU71
 314 0006 0549     		ldr	r1, .L31
 315              	.LVL20:
 252:USB_DEVICE/App/usbd_desc.c ****   }
 316              		.loc 1 252 5 is_stmt 0 view .LVU72
 317 0008 0548     		ldr	r0, .L31+4
 318              	.LVL21:
 252:USB_DEVICE/App/usbd_desc.c ****   }
 319              		.loc 1 252 5 view .LVU73
 320 000a FFF7FEFF 		bl	USBD_GetString
 321              	.LVL22:
 322              	.L29:
 258:USB_DEVICE/App/usbd_desc.c **** }
 323              		.loc 1 258 3 is_stmt 1 view .LVU74
 259:USB_DEVICE/App/usbd_desc.c **** 
ARM GAS  /tmp/ccWLg2KK.s 			page 14


 324              		.loc 1 259 1 is_stmt 0 view .LVU75
 325 000e 0348     		ldr	r0, .L31
 326 0010 08BD     		pop	{r3, pc}
 327              	.LVL23:
 328              	.L28:
 256:USB_DEVICE/App/usbd_desc.c ****   }
 329              		.loc 1 256 5 is_stmt 1 view .LVU76
 330 0012 0249     		ldr	r1, .L31
 331              	.LVL24:
 256:USB_DEVICE/App/usbd_desc.c ****   }
 332              		.loc 1 256 5 is_stmt 0 view .LVU77
 333 0014 0248     		ldr	r0, .L31+4
 334              	.LVL25:
 256:USB_DEVICE/App/usbd_desc.c ****   }
 335              		.loc 1 256 5 view .LVU78
 336 0016 FFF7FEFF 		bl	USBD_GetString
 337              	.LVL26:
 256:USB_DEVICE/App/usbd_desc.c ****   }
 338              		.loc 1 256 5 view .LVU79
 339 001a F8E7     		b	.L29
 340              	.L32:
 341              		.align	2
 342              	.L31:
 343 001c 00000000 		.word	USBD_StrDesc
 344 0020 00000000 		.word	.LC0
 345              		.cfi_endproc
 346              	.LFE70:
 348              		.section	.rodata.USBD_FS_ManufacturerStrDescriptor.str1.4,"aMS",%progbits,1
 349              		.align	2
 350              	.LC1:
 351 0000 53544D69 		.ascii	"STMicroelectronics\000"
 351      63726F65 
 351      6C656374 
 351      726F6E69 
 351      637300
 352              		.section	.text.USBD_FS_ManufacturerStrDescriptor,"ax",%progbits
 353              		.align	1
 354              		.global	USBD_FS_ManufacturerStrDescriptor
 355              		.syntax unified
 356              		.thumb
 357              		.thumb_func
 358              		.fpu softvfp
 360              	USBD_FS_ManufacturerStrDescriptor:
 361              	.LVL27:
 362              	.LFB71:
 268:USB_DEVICE/App/usbd_desc.c ****   UNUSED(speed);
 363              		.loc 1 268 1 is_stmt 1 view -0
 364              		.cfi_startproc
 365              		@ args = 0, pretend = 0, frame = 0
 366              		@ frame_needed = 0, uses_anonymous_args = 0
 268:USB_DEVICE/App/usbd_desc.c ****   UNUSED(speed);
 367              		.loc 1 268 1 is_stmt 0 view .LVU81
 368 0000 10B5     		push	{r4, lr}
 369              	.LCFI5:
 370              		.cfi_def_cfa_offset 8
 371              		.cfi_offset 4, -8
 372              		.cfi_offset 14, -4
ARM GAS  /tmp/ccWLg2KK.s 			page 15


 373 0002 0A46     		mov	r2, r1
 269:USB_DEVICE/App/usbd_desc.c ****   USBD_GetString((uint8_t *)USBD_MANUFACTURER_STRING, USBD_StrDesc, length);
 374              		.loc 1 269 3 is_stmt 1 view .LVU82
 270:USB_DEVICE/App/usbd_desc.c ****   return USBD_StrDesc;
 375              		.loc 1 270 3 view .LVU83
 376 0004 034C     		ldr	r4, .L35
 377 0006 2146     		mov	r1, r4
 378              	.LVL28:
 270:USB_DEVICE/App/usbd_desc.c ****   return USBD_StrDesc;
 379              		.loc 1 270 3 is_stmt 0 view .LVU84
 380 0008 0348     		ldr	r0, .L35+4
 381              	.LVL29:
 270:USB_DEVICE/App/usbd_desc.c ****   return USBD_StrDesc;
 382              		.loc 1 270 3 view .LVU85
 383 000a FFF7FEFF 		bl	USBD_GetString
 384              	.LVL30:
 271:USB_DEVICE/App/usbd_desc.c **** }
 385              		.loc 1 271 3 is_stmt 1 view .LVU86
 272:USB_DEVICE/App/usbd_desc.c **** 
 386              		.loc 1 272 1 is_stmt 0 view .LVU87
 387 000e 2046     		mov	r0, r4
 388 0010 10BD     		pop	{r4, pc}
 389              	.L36:
 390 0012 00BF     		.align	2
 391              	.L35:
 392 0014 00000000 		.word	USBD_StrDesc
 393 0018 00000000 		.word	.LC1
 394              		.cfi_endproc
 395              	.LFE71:
 397              		.section	.rodata.USBD_FS_ConfigStrDescriptor.str1.4,"aMS",%progbits,1
 398              		.align	2
 399              	.LC2:
 400 0000 43444320 		.ascii	"CDC Config\000"
 400      436F6E66 
 400      696700
 401              		.section	.text.USBD_FS_ConfigStrDescriptor,"ax",%progbits
 402              		.align	1
 403              		.global	USBD_FS_ConfigStrDescriptor
 404              		.syntax unified
 405              		.thumb
 406              		.thumb_func
 407              		.fpu softvfp
 409              	USBD_FS_ConfigStrDescriptor:
 410              	.LVL31:
 411              	.LFB73:
 301:USB_DEVICE/App/usbd_desc.c ****   if(speed == USBD_SPEED_HIGH)
 412              		.loc 1 301 1 is_stmt 1 view -0
 413              		.cfi_startproc
 414              		@ args = 0, pretend = 0, frame = 0
 415              		@ frame_needed = 0, uses_anonymous_args = 0
 301:USB_DEVICE/App/usbd_desc.c ****   if(speed == USBD_SPEED_HIGH)
 416              		.loc 1 301 1 is_stmt 0 view .LVU89
 417 0000 08B5     		push	{r3, lr}
 418              	.LCFI6:
 419              		.cfi_def_cfa_offset 8
 420              		.cfi_offset 3, -8
 421              		.cfi_offset 14, -4
ARM GAS  /tmp/ccWLg2KK.s 			page 16


 422 0002 0A46     		mov	r2, r1
 302:USB_DEVICE/App/usbd_desc.c ****   {
 423              		.loc 1 302 3 is_stmt 1 view .LVU90
 302:USB_DEVICE/App/usbd_desc.c ****   {
 424              		.loc 1 302 5 is_stmt 0 view .LVU91
 425 0004 28B9     		cbnz	r0, .L38
 304:USB_DEVICE/App/usbd_desc.c ****   }
 426              		.loc 1 304 5 is_stmt 1 view .LVU92
 427 0006 0549     		ldr	r1, .L41
 428              	.LVL32:
 304:USB_DEVICE/App/usbd_desc.c ****   }
 429              		.loc 1 304 5 is_stmt 0 view .LVU93
 430 0008 0548     		ldr	r0, .L41+4
 431              	.LVL33:
 304:USB_DEVICE/App/usbd_desc.c ****   }
 432              		.loc 1 304 5 view .LVU94
 433 000a FFF7FEFF 		bl	USBD_GetString
 434              	.LVL34:
 435              	.L39:
 310:USB_DEVICE/App/usbd_desc.c **** }
 436              		.loc 1 310 3 is_stmt 1 view .LVU95
 311:USB_DEVICE/App/usbd_desc.c **** 
 437              		.loc 1 311 1 is_stmt 0 view .LVU96
 438 000e 0348     		ldr	r0, .L41
 439 0010 08BD     		pop	{r3, pc}
 440              	.LVL35:
 441              	.L38:
 308:USB_DEVICE/App/usbd_desc.c ****   }
 442              		.loc 1 308 5 is_stmt 1 view .LVU97
 443 0012 0249     		ldr	r1, .L41
 444              	.LVL36:
 308:USB_DEVICE/App/usbd_desc.c ****   }
 445              		.loc 1 308 5 is_stmt 0 view .LVU98
 446 0014 0248     		ldr	r0, .L41+4
 447              	.LVL37:
 308:USB_DEVICE/App/usbd_desc.c ****   }
 448              		.loc 1 308 5 view .LVU99
 449 0016 FFF7FEFF 		bl	USBD_GetString
 450              	.LVL38:
 308:USB_DEVICE/App/usbd_desc.c ****   }
 451              		.loc 1 308 5 view .LVU100
 452 001a F8E7     		b	.L39
 453              	.L42:
 454              		.align	2
 455              	.L41:
 456 001c 00000000 		.word	USBD_StrDesc
 457 0020 00000000 		.word	.LC2
 458              		.cfi_endproc
 459              	.LFE73:
 461              		.section	.rodata.USBD_FS_InterfaceStrDescriptor.str1.4,"aMS",%progbits,1
 462              		.align	2
 463              	.LC3:
 464 0000 43444320 		.ascii	"CDC Interface\000"
 464      496E7465 
 464      72666163 
 464      6500
 465              		.section	.text.USBD_FS_InterfaceStrDescriptor,"ax",%progbits
ARM GAS  /tmp/ccWLg2KK.s 			page 17


 466              		.align	1
 467              		.global	USBD_FS_InterfaceStrDescriptor
 468              		.syntax unified
 469              		.thumb
 470              		.thumb_func
 471              		.fpu softvfp
 473              	USBD_FS_InterfaceStrDescriptor:
 474              	.LVL39:
 475              	.LFB74:
 320:USB_DEVICE/App/usbd_desc.c ****   if(speed == 0)
 476              		.loc 1 320 1 is_stmt 1 view -0
 477              		.cfi_startproc
 478              		@ args = 0, pretend = 0, frame = 0
 479              		@ frame_needed = 0, uses_anonymous_args = 0
 320:USB_DEVICE/App/usbd_desc.c ****   if(speed == 0)
 480              		.loc 1 320 1 is_stmt 0 view .LVU102
 481 0000 08B5     		push	{r3, lr}
 482              	.LCFI7:
 483              		.cfi_def_cfa_offset 8
 484              		.cfi_offset 3, -8
 485              		.cfi_offset 14, -4
 486 0002 0A46     		mov	r2, r1
 321:USB_DEVICE/App/usbd_desc.c ****   {
 487              		.loc 1 321 3 is_stmt 1 view .LVU103
 321:USB_DEVICE/App/usbd_desc.c ****   {
 488              		.loc 1 321 5 is_stmt 0 view .LVU104
 489 0004 28B9     		cbnz	r0, .L44
 323:USB_DEVICE/App/usbd_desc.c ****   }
 490              		.loc 1 323 5 is_stmt 1 view .LVU105
 491 0006 0549     		ldr	r1, .L47
 492              	.LVL40:
 323:USB_DEVICE/App/usbd_desc.c ****   }
 493              		.loc 1 323 5 is_stmt 0 view .LVU106
 494 0008 0548     		ldr	r0, .L47+4
 495              	.LVL41:
 323:USB_DEVICE/App/usbd_desc.c ****   }
 496              		.loc 1 323 5 view .LVU107
 497 000a FFF7FEFF 		bl	USBD_GetString
 498              	.LVL42:
 499              	.L45:
 329:USB_DEVICE/App/usbd_desc.c **** }
 500              		.loc 1 329 3 is_stmt 1 view .LVU108
 330:USB_DEVICE/App/usbd_desc.c **** 
 501              		.loc 1 330 1 is_stmt 0 view .LVU109
 502 000e 0348     		ldr	r0, .L47
 503 0010 08BD     		pop	{r3, pc}
 504              	.LVL43:
 505              	.L44:
 327:USB_DEVICE/App/usbd_desc.c ****   }
 506              		.loc 1 327 5 is_stmt 1 view .LVU110
 507 0012 0249     		ldr	r1, .L47
 508              	.LVL44:
 327:USB_DEVICE/App/usbd_desc.c ****   }
 509              		.loc 1 327 5 is_stmt 0 view .LVU111
 510 0014 0248     		ldr	r0, .L47+4
 511              	.LVL45:
 327:USB_DEVICE/App/usbd_desc.c ****   }
ARM GAS  /tmp/ccWLg2KK.s 			page 18


 512              		.loc 1 327 5 view .LVU112
 513 0016 FFF7FEFF 		bl	USBD_GetString
 514              	.LVL46:
 327:USB_DEVICE/App/usbd_desc.c ****   }
 515              		.loc 1 327 5 view .LVU113
 516 001a F8E7     		b	.L45
 517              	.L48:
 518              		.align	2
 519              	.L47:
 520 001c 00000000 		.word	USBD_StrDesc
 521 0020 00000000 		.word	.LC3
 522              		.cfi_endproc
 523              	.LFE74:
 525              		.global	USBD_StringSerial
 526              		.comm	USBD_StrDesc,512,4
 527              		.global	USBD_LangIDDesc
 528              		.global	USBD_FS_DeviceDesc
 529              		.global	FS_Desc
 530              		.section	.data.FS_Desc,"aw"
 531              		.align	2
 534              	FS_Desc:
 535 0000 00000000 		.word	USBD_FS_DeviceDescriptor
 536 0004 00000000 		.word	USBD_FS_LangIDStrDescriptor
 537 0008 00000000 		.word	USBD_FS_ManufacturerStrDescriptor
 538 000c 00000000 		.word	USBD_FS_ProductStrDescriptor
 539 0010 00000000 		.word	USBD_FS_SerialStrDescriptor
 540 0014 00000000 		.word	USBD_FS_ConfigStrDescriptor
 541 0018 00000000 		.word	USBD_FS_InterfaceStrDescriptor
 542              		.section	.data.USBD_FS_DeviceDesc,"aw"
 543              		.align	2
 544              		.set	.LANCHOR0,. + 0
 547              	USBD_FS_DeviceDesc:
 548 0000 12010002 		.ascii	"\022\001\000\002\002\002\000@\203\004@W\000\002\001"
 548      02020040 
 548      83044057 
 548      000201
 549 000f 020301   		.ascii	"\002\003\001"
 550              		.section	.data.USBD_LangIDDesc,"aw"
 551              		.align	2
 552              		.set	.LANCHOR1,. + 0
 555              	USBD_LangIDDesc:
 556 0000 04030904 		.ascii	"\004\003\011\004"
 557              		.section	.data.USBD_StringSerial,"aw"
 558              		.align	2
 559              		.set	.LANCHOR2,. + 0
 562              	USBD_StringSerial:
 563 0000 1A0300   		.ascii	"\032\003\000"
 564 0003 00000000 		.space	23
 564      00000000 
 564      00000000 
 564      00000000 
 564      00000000 
 565              		.text
 566              	.Letext0:
 567              		.file 2 "/opt/gcc-arm-none-eabi-9-2020-q2-update/arm-none-eabi/include/machine/_default_types.h"
 568              		.file 3 "/opt/gcc-arm-none-eabi-9-2020-q2-update/lib/gcc/arm-none-eabi/9.3.1/include/stddef.h"
 569              		.file 4 "/opt/gcc-arm-none-eabi-9-2020-q2-update/arm-none-eabi/include/sys/_types.h"
ARM GAS  /tmp/ccWLg2KK.s 			page 19


 570              		.file 5 "/opt/gcc-arm-none-eabi-9-2020-q2-update/arm-none-eabi/include/sys/reent.h"
 571              		.file 6 "/opt/gcc-arm-none-eabi-9-2020-q2-update/arm-none-eabi/include/sys/lock.h"
 572              		.file 7 "/opt/gcc-arm-none-eabi-9-2020-q2-update/arm-none-eabi/include/sys/_stdint.h"
 573              		.file 8 "/opt/gcc-arm-none-eabi-9-2020-q2-update/arm-none-eabi/include/stdlib.h"
 574              		.file 9 "Drivers/CMSIS/Include/core_cm3.h"
 575              		.file 10 "Drivers/CMSIS/Device/ST/STM32F1xx/Include/system_stm32f1xx.h"
 576              		.file 11 "Drivers/STM32F1xx_HAL_Driver/Inc/stm32f1xx_hal.h"
 577              		.file 12 "Middlewares/ST/STM32_USB_Device_Library/Core/Inc/usbd_def.h"
 578              		.file 13 "USB_DEVICE/App/usbd_desc.h"
 579              		.file 14 "Middlewares/ST/STM32_USB_Device_Library/Core/Inc/usbd_ctlreq.h"
ARM GAS  /tmp/ccWLg2KK.s 			page 20


DEFINED SYMBOLS
                            *ABS*:0000000000000000 usbd_desc.c
     /tmp/ccWLg2KK.s:16     .text.USBD_FS_DeviceDescriptor:0000000000000000 $t
     /tmp/ccWLg2KK.s:24     .text.USBD_FS_DeviceDescriptor:0000000000000000 USBD_FS_DeviceDescriptor
     /tmp/ccWLg2KK.s:47     .text.USBD_FS_DeviceDescriptor:0000000000000008 $d
     /tmp/ccWLg2KK.s:52     .text.USBD_FS_LangIDStrDescriptor:0000000000000000 $t
     /tmp/ccWLg2KK.s:59     .text.USBD_FS_LangIDStrDescriptor:0000000000000000 USBD_FS_LangIDStrDescriptor
     /tmp/ccWLg2KK.s:81     .text.USBD_FS_LangIDStrDescriptor:0000000000000008 $d
     /tmp/ccWLg2KK.s:86     .text.IntToUnicode:0000000000000000 $t
     /tmp/ccWLg2KK.s:92     .text.IntToUnicode:0000000000000000 IntToUnicode
     /tmp/ccWLg2KK.s:174    .text.Get_SerialNum:0000000000000000 $t
     /tmp/ccWLg2KK.s:180    .text.Get_SerialNum:0000000000000000 Get_SerialNum
     /tmp/ccWLg2KK.s:239    .text.Get_SerialNum:000000000000002c $d
     /tmp/ccWLg2KK.s:245    .text.USBD_FS_SerialStrDescriptor:0000000000000000 $t
     /tmp/ccWLg2KK.s:252    .text.USBD_FS_SerialStrDescriptor:0000000000000000 USBD_FS_SerialStrDescriptor
     /tmp/ccWLg2KK.s:280    .text.USBD_FS_SerialStrDescriptor:0000000000000010 $d
     /tmp/ccWLg2KK.s:285    .rodata.USBD_FS_ProductStrDescriptor.str1.4:0000000000000000 $d
     /tmp/ccWLg2KK.s:289    .text.USBD_FS_ProductStrDescriptor:0000000000000000 $t
     /tmp/ccWLg2KK.s:296    .text.USBD_FS_ProductStrDescriptor:0000000000000000 USBD_FS_ProductStrDescriptor
     /tmp/ccWLg2KK.s:343    .text.USBD_FS_ProductStrDescriptor:000000000000001c $d
                            *COM*:0000000000000200 USBD_StrDesc
     /tmp/ccWLg2KK.s:349    .rodata.USBD_FS_ManufacturerStrDescriptor.str1.4:0000000000000000 $d
     /tmp/ccWLg2KK.s:353    .text.USBD_FS_ManufacturerStrDescriptor:0000000000000000 $t
     /tmp/ccWLg2KK.s:360    .text.USBD_FS_ManufacturerStrDescriptor:0000000000000000 USBD_FS_ManufacturerStrDescriptor
     /tmp/ccWLg2KK.s:392    .text.USBD_FS_ManufacturerStrDescriptor:0000000000000014 $d
     /tmp/ccWLg2KK.s:398    .rodata.USBD_FS_ConfigStrDescriptor.str1.4:0000000000000000 $d
     /tmp/ccWLg2KK.s:402    .text.USBD_FS_ConfigStrDescriptor:0000000000000000 $t
     /tmp/ccWLg2KK.s:409    .text.USBD_FS_ConfigStrDescriptor:0000000000000000 USBD_FS_ConfigStrDescriptor
     /tmp/ccWLg2KK.s:456    .text.USBD_FS_ConfigStrDescriptor:000000000000001c $d
     /tmp/ccWLg2KK.s:462    .rodata.USBD_FS_InterfaceStrDescriptor.str1.4:0000000000000000 $d
     /tmp/ccWLg2KK.s:466    .text.USBD_FS_InterfaceStrDescriptor:0000000000000000 $t
     /tmp/ccWLg2KK.s:473    .text.USBD_FS_InterfaceStrDescriptor:0000000000000000 USBD_FS_InterfaceStrDescriptor
     /tmp/ccWLg2KK.s:520    .text.USBD_FS_InterfaceStrDescriptor:000000000000001c $d
     /tmp/ccWLg2KK.s:562    .data.USBD_StringSerial:0000000000000000 USBD_StringSerial
     /tmp/ccWLg2KK.s:555    .data.USBD_LangIDDesc:0000000000000000 USBD_LangIDDesc
     /tmp/ccWLg2KK.s:547    .data.USBD_FS_DeviceDesc:0000000000000000 USBD_FS_DeviceDesc
     /tmp/ccWLg2KK.s:534    .data.FS_Desc:0000000000000000 FS_Desc
     /tmp/ccWLg2KK.s:531    .data.FS_Desc:0000000000000000 $d
     /tmp/ccWLg2KK.s:543    .data.USBD_FS_DeviceDesc:0000000000000000 $d
     /tmp/ccWLg2KK.s:551    .data.USBD_LangIDDesc:0000000000000000 $d
     /tmp/ccWLg2KK.s:558    .data.USBD_StringSerial:0000000000000000 $d

UNDEFINED SYMBOLS
USBD_GetString
